[   000000] Lnux version 4.15.0-47-generic (buildd@lgw01-amd64-001) (gcc version 7.3.0 (Ubuntu 7.3.0-16ubuntu3)) #50-Ubuntu SMP Wed Mar 13 10:44:52 UTC 2019 (Ubuntu 4.15.0-47.50-generic 4.15.18)
[    0.000000] Command line: BOOT_IMAGE=/boot/vmlinuz-4.15.0-47-generic root=LABEL=cloudimg-rootfs ro console=tty1 console=ttyS0
[    0.000000] KERNEL supported cpus:
[    0.000000]   Intel GenuineIntel
[    0.000000]   AMD AuthenticAMD
[    0.000000]   Centaur CentaurHauls
[    0.000000] x86/fpu: Supporting XSAVE feature 0x001: 'x87 floating point registers'
[    0.000000] x86/fpu: Supporting XSAVE feature 0x002: 'SSE registers'
[    0.000000] x86/fpu: Supporting XSAVE feature 0x004: 'AVX registers'
[    0.000000] x86/fpu: xstate_offset[2]:  576, xstate_sizes[2]:  256
[    0.000000] x86/fpu: Enabled xstate features 0x7, context size is 832 bytes, using 'standard' format.
[    0.000000] e820: BIOS-provided physical RAM map:
[    0.000000] BIOS-e820: [mem 0x0000000000000000-0x000000000009fbbff] usable
[    0.000000] BIOS-e820: [mem 0x000000000009fc00-0x000000000009ffff] reserved
[    0.000000] BIOS-e820: [mem 0x00000000000f0000-0x00000000000fffff] reserved
[    0.000000] BIOS-e820: [mem 0x0000000000100000-0x000000007ffeffff] usable
[    0.000000] BIOS-e820: [mem 0x000000007fff0000-0x000000007fffffff] ACPI data
[    0.000000] BIOS-e820: [mem 0x00000000fec00000-0x00000000fec00fff] reserved
[    0.000000] BIOS-e820: [mem 0x00000000fee00000-0x00000000fee00fff] reserved
[    0.000000] BIOS-e820: [mem 0x00000000fffc0000-0x00000000ffffffff] reserved
[    0.000000] NX (Execute Disable) protection: active
[    0.000000] MBIOS 2.5 present.
   0.00000 DMI: nntek GmbH VirtualBox/Virtalox, BIOS irualBox 1/01/206
[   .00000] yperviso detcted: K
[   0.00000] e820: lat_pfn = 0x7ff0max_arch_pfn = 0x400000000
[    0.0000] MTRR Dsabled
[   000000] x8/PAT: MTRRs disabled, skipping PAT initialization too.
[    0.000000] CPU MTRRs all blank - virtualized system.
[    0.000000] x86/PAT: Configuration [0-7]: WB  WT  UC- UC  WB  WT  UC- UC  
[    0.000000] fund SMP MPtale at [memx00009fff0-0x0009fff] mappd at [        (ptrval)]
[   0.0000] Saning 1 res for owmemory couption
[    0.00000] RMDSK: [mem 0x35add000-0x36d65fff]
[   0000000] ACPI Erly tabl cecksumveificatn disaed
[    0.00000] CPI: RSDP 0x00000000000E0000 000024 (v02 VBOX  )
[    0.000000] ACPI: XSDT 0x000000007FFF0030 00003C (v01 VBOX   VBOXXSDT 00000001 ASL  00000061)
[    0.000000] ACPI: FACP 0x000000007FFF00F0 0000F4 (v04 VBOX   VBOXFACP 00000001 ASL  00000061)
[    0.000000] ACPI: DSDT 0x000000007FFF0470 0021FF (v02 VBOX   VBOXBIOS 00000002 INTL 20100528)
[    0.000000] ACPI: FACS 0x000000007FFF0200 000040
[    0.000000] ACPI: FACS 0x000000007FFF0200 000040
[    0.000000] ACPI: APIC 0x000000007FFF0240 00005C (v02 VBOX   VBOXAPIC 00000001 ASL  00000061)
[    0.00000] ACPI: SSDT 0x000000007FFF02A0 0001CC (v01 VBOX   VBOXCPUT 00000002 INTL 20100528)
[    0.000000] No NUMA configuration found
[    0.000000] Faking a node at [mem 0x0000000000000000-0x000000007ffeffff]
[    0.000000] NODE_DATA(0) allocated [mem 0x7ffc5000-0x7ffeffff]
[    0.000000] kvm-clock: cpu 0, msr 0:7ff44001primar cu clock
[  0.000000]kv-clock: Usinmsrs 456d01 d 4b564d00
[   0000000 km-cloc: using schd offset of 5560544cycles
[    0.000000] clocksource:vm-clock: mask:0xfffffffffffff max_cycles: 0x1cd42e4dffb, max_idle_ns: 881590591483 n
[   0.0000] Zone ranes:
[    0.000000]   DMA      [mem 0x0000000000001000-0x0000000000ffffff]
[    0.000000]   DMA32    [mem x00000000001000000-0x000000007ffeffff]
[    0.000000]   Normal   empty
[    0.000000]   Device   empty
[    0.000000] Movable zone start for each node
[    0.000000] Early memory node ranges
[    0.000000]   node   0: [mem 0x0000000000001000-0x000000000009efff]
[    0.000000]   node   0: [mem 0x0000000000100000-0x000000007ffeffff]
[    0.0000] Resved utunavlable: 14 ages
   0.00000 Initmm etup nod 0[mem0x0000000000100-0x0000007ffefff]
[   0.00000]ACPI: PM-Timer IO Port: 0x4008
[    0.000000] IAPIC[]: apic_id 2, versio 32,adress 0xfc0000, GSI 0-23[    0.000000] ACPI: INT_SRC_OVR (bus 0 bus_irq 0 global_irq 2 dfl dfl)
[    0.000000] ACPI: INT_SRC_OVR (bus 0 bus_irq 9 global_irq 9 low level)
[    0.000000] Using ACPI (MADT) for SMP configuration information
[    0.000000] smpboot: Allowing 2 CPUs, 0 hotplug CPUs
[    0.0000000] PM: Registered nosave memory: [mem 0x00000000-0x00000fff]
[    0.000000] PM: Registered nosave memory: [mem 0x0009f000-0x0009ffff]
[    0.000000] PM: Registered nosave memory: [mem 0x000a0000-0x000effff]
[    0.000000] PM: Registered nosave memory: [mem 0x000f0000-0x000fffff]
[    0.000000] e820: [mem 0x80000000-0xfebfffff] available for PCI devices
[    0.000000] Booting paravirtualized kernel on KVM
[    0.000000] clocksource: refined-jiffies: mask: 0xffffffff max_cycles: 0xffffffff, max_idle_ns: 76455196002156 ns[    0.0000] raom: ge_rndomytes lledrom start_krnl+0990x4f wth cnginit=0
[   0.00000]setup_rcpu: R_PUS:92 nr_cpumask_it:2 nr_cpu_ids:2 nr_node_ids:1
[    0.000000] percpu: Embedded 46pages/cpu @        (ptrval) s151552 r8192 d28672 u1048576
[    0.000000] PV qspinlock hash table entries: 256 (order: 0, 4096 bytes)
[    0.000000] Built 1 zonelists, mobility groupingg on.  Total pages: 515961
[    0.000000] Policy zone: DMA32
[    0.000000] Kernel command line: BOOT_IMAGE=/boot/vmlinuz-4.15.0-47-generic root=LABEL=cloudimg-rootfs ro console=tty1 console=ttyS0
[    0.000000] Memory: 2015796K/2096696K available (12300K kernel code, 2473K rwdata, 4252K rodata, 2408K init, 2416K bss, 80900K reserved, 0K cma-reserved)
[    0.000000] SLUB: HWalign=64, Order=0-3, MinObjects=0, CPUs=2, Nodes=1
[    0.000000] Kernel/User page tables isolaio: enale
[    000000]trace:alocatg 39206 etres i 14 paes
[    0.00400] Hierchical RU mplementaion.
[   .00400] RCU rericting CPUs from NR_CUS=819 t nr_cp_is=2.
[   0.004000] 	Tasks RCU enabled.
[    0.004000] RCU: Adjusting geometry for rcu_fanout_leaf=16, nr_cpu_ids=2
[    0.004000] NR_IRQS: 524544, nr_irqs: 440, preallocated irqs: 16
[    0.004000] Console: colour VGA+ 80x25
[    0.004000] console [tty1] enabled
[    0.004000] console [ttyS0] enabled
[    0.004000] ACPI: Core revision 20170831
[    0.004000] ACPI: 2 ACPI AML tables successfully acquired and loaded
[    0.004000] APIC: Switch to symmetric I/O mode setup
[    0.004000] x2apic enabled
[    0.004000] Switched APIC routing to physical x2apic.
[    0.005052] ..TIMER: vector=0x30 apic1=0 pin1=2 apic2=-1 pin2=-1
[    0.008003] tsc: Detected 2711.998 MHz processor
[    0.012010] Calibrating delay loop (skipped) preset value.. 5423.99 BogoMIPS (lpj=10847992)
[    00.014646] pid_max: default: 32768 minimum: 301
[    0.016030] Security Framework initialized
[    0.017433] Yama: becoming mindful.
[    0.018599] AppArmor: AppArmor initialized
[    0.021829] Dentry cache hash table entries: 262144 (order: 9, 2097152 bytes)
[    0.028041] Inode-cache hash table entries: 131072 (order: 8, 1048576 bytes)
[    0.030130] Mount-cache hash table entries: 4096 (order: 3, 32768 bytes)
[    0.032008] Mountpoint-cache hash table entries: 4096 (order: 3, 32768 bytes)
[    0.034423] mce: CPU supports 0 MCE banks
[    0.035790] Last level iTLB entries: 4KB 64, 2MB 8, 4MB 8
[    0.036003] Last level dTLB entries: 4KB 64, 2MB 0, 4MB 0, 1GB 4
[    0.037990] Spectre V2 : Mitigation: Full generic retpoline
[    0.040002] Spectre V2 : Spectre v2 / SpectreRSB mitigation: Filling RSB on context switch
[    0.044006] Speculative Store Bypass: Vulnerable
[    0.048092] Freeing SMP alternatives memory: 36K
[    0.056000] smpboot: CPU0: Intel(R) Core(TM) i7-6820HQ CPU @ 2.70GHz (family: 0x6, model: 0x5e, stepping: 0x3)
[    0.056087] Performance Events: unsupported p6 CPU model 94 no PMU driver, software events only.
[    0.060065] Hierarchical SRCU implementation.
[    0.064586] NMI watchdog: Perf event create on CPU 0 failed with -2
[    0.068006] NMI watchdog: Perf NMI watchdog permanently disabled
[    0.072074] smp: Bringing up secondary CPUs ...
[    0.073890] x86: Booting SMP configuration:
[    0.076004] .... node  #0, CPUs:      #1
[    0.004000] kvm-clock: cpu 1, msr 0:7ff44041, secondary cpu clock
[    0.004000] mce: CPU supports 0 MCE banks
[    0.084005] smp: Brought up 1 node, 2 CPUs
[    0.088006] smpboot: Max logical packages: 1
[    0.089433] smpboot: Total of 2 processors activated (10847.99 BogoMIPS)
[    0.092151] devtmpfs: initialized
[    0.093182] x86/mm: Memory block size: 128MB
[    0.094682] evm: security.selinux
[    0.096003] evm: security.SMACK64
[    0.097001] evm: security.SMACK64EXEC
[    0.098123] evm: security.SMACK64TRANSMUTE
[    0.100003] evm: security.SMACK64MMAP
[    0.101244] evm: security.apparmor
[    0.102353] evm: security.ima
[    0.104002] evm: security.capability
[    0.105251] clocksource: jiffies: mask: 0xffffffff max_cycles: 0xffffffff, max_idle_ns: 7645041785100000 ns
[    0.108013] futex hash table entries: 512 (order: 3, 32768 bytes)
[    0.110085] pinctrl core: initialized pinctrl subsystem
[    0.112100] RTC time: 20:37:42, date: 04/15/19
[    0.113776] NET: Registered protocol family 16
[    0.115500] audit: initializing netlink subsys (disabled)
[    0.116025] audit: type=2000 audit(1555360662.430:1): state=initialized audit_enabled=0 res=1
[    0.120068] cpuidle: using governor ladder
[    0.121377] cpuidle: using governor menu
[    0.122773] ACPI: bus type PCI registered
[    0.124004] acpiphp: ACPI Hot Plug PCI Controller Driver version: 0.5
[    0.126294] PCI: Using configuration type 1 for base access
[    0.129659] HugeTLB registered 2.00 MiB page size, pre-allocated 0 pages
[    0.132090] ACPI: Added _OSI(Module Device)
[    0.136012] ACPI: Added _OSI(Processor Device)
[    0.140012] ACPI: Added _OSI(3.0 _SCP Extensions)
[    0.144006] ACPI: Added _OSI(Processor Aggregator Device)
[    0.148025] ACPI: Added _OSI(Linux-Dell-Video)
[    0.152008] ACPI: Added _OSI(Linux-Lenovo-NV-HDMI-Audio)
[    0.156010] ACPI: Added _OSI(Linux-HPI-Hybrid-Graphics)
[    0.160517] ACPI: Executed 1 blocks of module-level executable AML code
[    0.169426] ACPI: Interpreter enabled
[    0.172025] ACPI: (supports S0 S5)
[    0.176007] ACPI: Using IOAPIC for interrupt routing
[    0.180246] PCI: Using host bridge windows from ACPI; if necessary, use "pci=nocrs" and report a bug
[    0.184339] ACPI: Enabled 2 GPEs in block 00 to 07
[    0.195735] ACPI: PCI Root Bridge [PCI0] (domain 0000 [bus 00-ff])
[    0.196009] acpi PNP0A03:00: _OSC: OS supports [ASPM ClockPM Segments MSI]
[    0.198089] acpi PNP0A03:00: _OSC: not requesting OS control; OS requires [ExtendedConfig ASPM ClockPM MSI]
[    0.200014] acpi PNP0A03:00: fail to add MMCONFIG information, can't access extended PCI configuration space under this bridge.
[    0.204538] PCI host bridge to bus 0000:00
[    0.208005] pci_bus 0000:00: root bus resource [io  0x0000-0x0cf7 window]
[    0.210269] pci_bus 0000:00: root bus resource [io  0x0d00-0xffff window]
[    0.212004] pci_bus 0000:00: root bus resource [mem 0x000a0000-0x000bffff window]
[    0.214261] pci_bus 0000:00: root bus resource [mem 0x80000000-0xfdffffff window]
[    0.216004] pci_bus 0000:00: root bus resource [bus 00-ff]
[    0.223823] pci 0000:00:01.1: legacy IDE quirk: reg 0x10: [io  0x01f0-0x01f7]
[    0.224004] pci 0000:00:01.1: legacy IDE quirk: reg 0x14: [io  0x03f6]
[    0.228004] pci 0000:00:01.1: legacy IDE quirk: reg 0x18: [io  0x0170-0x0177]
[    0.230071] pci 0000:00:01.1: legacy IDE quirk: reg 0x1c: [io  0x0376]
[    0.257094] pci 0000:00:07.0: quirk: [io  0x4000-0x403f] claimed by PIIX4 ACPI
[    0.260036] pci 0000:00:07.0: quirk: [io  0x4100-0x410f] claimed by PIIX4 SMB
[    0.282561] ACPI: PCI Interrupt Link [LNKA] (IRQs 5 9 10 *11)
[    0.284331] ACPI: PCI Interrupt Link [LNKB] (IRQs 5 9 *10 11)
[    0.286275] ACPI: PCI Interrupt Link [LNKC] (IRQs 5 *9 10 11)
[    0.288167] ACPI: PCI Interrupt Link [LNKD] (IRQs 5 9 10 *11)
[    0.290905] SCSI subsystem initialized
[    0.292049] pci 0000:00:02.0: vgaarb: setting as boot VGA device
[    0.293907] pci 0000:00:02.0: vgaarb: VGA device added: decodes=io+mem,owns=io+mem,locks=none
[    0.296005] pci 0000:00:02.0: vgaarb: bridge control possible
[    0.297953] vgaarb: loaded
[    0.300032] ACPI: bus type USB registered
[    0.301249] usbcore: registered new interface driver usbfs
[    0.303023] usbcore: registered new interface driver hub
[    0.304024] usbcore: registered new device driver usb
[    0.305458] EDAC MC: Ver: 3.0.0
[    0.305458] PCI: Using ACPI for IRQ routing
[    0.308520] NetLabel: Initializing
[    0.312007] NetLabel:  domain hash size = 128
[    0.316004] NetLabel:  protocols = UNLABELED CIPSOv4 CALIPSO
[    0.318123] NetLabel:  unlabeled traffic allowed by default
[    0.320096] clocksource: Switched to clocksource kvm-clock
[    0.339623] VFS: Disk quotas dquot_6.6.0
[    0.341220] VFS: quotace ash taleenris:51 (rdr , 09 bte
   07870 ApAror ApAmo Filesysemnale
[    1.200355] pnp: PnP ACPI init
[    1.205054] pnp: PnP ACPI: found 3 devices
[    1.219422] clocksource: acpi_pm: mask: 0xffffff max_cycles: 0xffffff, max_idle_ns: 2085701024 ns
[    1.222596] NET: Registered protocol family 2
[    1.224273] TCP established hash table entries: 16384 (order: 5, 131072 bytes)
[    1.226419] TCP bind hash table entries: 16384 (order: 6, 262144 bytes)
[    1.230324] TCP: Hash tables configured (established 16384 bind 16384)
[    1.232464] UDP hash table entries: 1024 (order: 3, 32768 bytes)
[    1.234410] UDP-Lite hash table entries: 1024 (order: 3, 32768 bytes)
[    1.236498] NET: Registered protocol family 1
[    1.237870] pci 0000:00:00.0: Limiting direct PCI/PCI transfers
[    1.239639] pci 0000:00:01.0: Activating ISA DMA hang workarounds
[    1.241511] pci 0000:00:02.0: Video device with shadowed ROM at [mem 0x000c0000-0x000dffff]
[    1.244191] Unpacking initramfs...
[    1.519208] Freeing initrd memory: 18980K
[    1.613001] platform rtc_cmos: registered platform RTC device (no PNP device found)
[    1.784702] Scanning for low memory corruption every 60 seconds
[    1.834159] Initialise system trusted keyrings
[    1.884726] Key type blacklist registered
[    1.935818] workingset: timestamp_bits=36 max_order=19 bucket_order=0
[    1.978323] zbud: loaded
[    1.979673] squashfs: version 4.0 (2009/01/31) Phillip Lougher
[    2.107830] fuse init (API version 7.26)
[    2.153695] Key type asymmetric registered
[    2.235872] Asymmetric key parser 'x509' registered
[    2.310313] Block layer SCSI generic (bsg) driver version 0.4 loaded (major 246)
[    2.314842] io scheduler noop registered
[    2.316538] io scheduler deadline registered
[    2.319433] io scheduler cfq registered (default)
[    2.321930] ACPI: AC Adapter [AC] (on-line)
[    2.324712] input: Power Button as /devices/LNXSYSTM:00/LNXPWRBN:00/input/input0
[    2.329044] ACPI: Power Button [PWRF]
[    2.330569] input: Sleep Button as /devices/LNXSYSTM:00/LNXSLPBN:00/input/input1
[    2.334593] ACPI: Sleep Button [SLPF]
[    2.336649] Serial: 8250/16550 driver, 32 ports, IRQ sharing enabled
[    2.338076] ACPI: Battery Slot [BAT0] (battery present)
[    2.366653] 00:02: ttyS0 at I/O 0x3f8 (irq = 4, base_baud = 115200) is a 16550A
[    2.379631] Linux agpgart interface v0.103
[    2.407702] loop: module loaded
[    2.427866] scsi host0: ata_piix
[    2.467699] scsi host1: ata_piix
[    2.561049] ata1: PATA max UDMA/33 cmd 0x1f0 ctl 0x3f6 bmdma 0xd000 irq 14
[    2.733415] ata2: PATA max UDMA/33 cmd 0x170 ctl 0x376 bmdma 0xd008 irq 15
[    2.910322] tsc: Refined TSC clocksource calibration: 2713.454 MHz
[    2.911274] libphy: Fixed MDIO Bus: probed
[    2.911275] tun: Universal TUN/TAP device driver, 1.6
[    2.911310] PPP generic driver version 2.4.2
[    2.911342] ehci_hcd: USB 2.0 'Enhanced' Host Controller (EHCI) Driver
[    2.911345] ehci-pci: EHCI PCI platform driver
[    2.911358] ehci-platform: EHCI generic platform driver
[    2.911364] ohci_hcd: USB 1.1 'Open' Host Controller (OHCI) Driver
[    2.911366] ohci-pci: OHCI PCI platform driver
[    2.911370] ohci-platform: OHCI generic platform driver
[    2.911374] uhci_hcd: USB Universal Host Controller Interface driver
[    2.911420] i8042: PNP: PS/2 Controller [PNP0303:PS2K,PNP0f03:PS2M] at 0x60,0x64 irq 1,12
[    2.911832] serio: i8042 KBD port at 0x60,0x64 irq 1
[    2.911854] serio: i8042 AUX port at 0x60,0x64 irq 12
[    2.911942] mousedev: PS/2 mouse device common for all mice
[    2.912288] rtc_cmos rtc_cmos: rtc core: registered rtc_cmos as rtc0
[    2.912336] rtc_cmos rtc_cmos: alarms up to one day, 114 bytes nvram
[    2.912341] i2c /dev entries driver
[    2.912345] pcie_mp2_amd: AMD(R) PCI-E MP2 Communication Driver Version: 1.0
[    2.912396] device-mapper: uevent: version 1.0.3
[    2.912434] device-mapper: ioctl: 4.37.0-ioctl (2017-09-20) initialised: dm-devel@redhat.com
[    3.433264] input: AT Translated Set 2 keyboard as /devices/platform/i8042/serio0/input/input2
[    3.479025] clocksource: tsc: mask: 0xffffffffffffffff max_cycles: 0x271ce3e410e, max_idle_ns: 440795222332 ns
[    3.482129] ledtrig-cpu: registered to indicate activity on CPUs
[    3.484219] NET: Registered protocol family 10
[    3.488393] Segment Routing with IPv6
[    3.514897] NET: Registered protocol family 17
[    3.594804] Key type dns_resolver registered
[    3.675916] RAS: Correctable Errors collector initialized.
[    3.809647] sched_clock: Marking stable (3809617742, 0)->(12777621040, -8968003298)
[    3.985769] registered taskstats version 1
[    4.09608 Ldig omild-n 50certifiats
[    4.474423] Loaded X.509 cert 'Build time autogenerated kernel key: 7211859d1298c08a101905a3cb814e8c7b4bf4a4'
[    4.537823] zswap: loaded using pool lzo/zbud
[    4.545749] Key type big_key registered
[    4.546989] Key type trusted registered
[    4.550017] Key type encrypted registered
[    4.551307] AppArmor: AppArmor sha1 policy hashing enabled
[    4.553132] ima: No TPM chip found, activating TPM-bypass! (rc=-19)
[    4.555083] ima: Allocated hash algorithm: sha1
[    4.556680] evm: HMAC attrs: 0x1
[    4.558117]   Magic number: 15:816:649
[    4.559434] rtc_cmos rtc_cmos: setting system clock to 2019-04-15 20:37:48 UTC (1555360668)
[    4.562258] BIOS EDD facility v0.16 2004-Jun-25, 0 devices found
[    4.564576] EDD information not available.
[    4.568914] Freeing unused kernel memory: 2408K
[    4.588683] Write protecting the kernel read-only data: 20480k
[    4.598861] Freeing unused kernel memory: 2008K
[    5.543369] Freeing unused kernel memory: 1892K
[    6.500198] x86/mm: Checked W+X mappings: passed, no W+X pages found.
[    8.019820] x86/mm: Checking user space page tables
[    8.978282] x86/mm: Checked W+X mappings: passed, no W+X pages found.
Loading, please wait...
starting version 237
[   10.208957] Fusion MPT base driver 3.04.20
[   10.310331] Copyright (c) 1999-2008 LSI Corporation
[   10.425305] e1000: Intel(R) PRO/1000 Network Driver - version 7.3.21-k8-NAPI
[   10.513819] e1000: Copyright (c) 1999-2006 Intel Corporation.
[   10.573661] Fusion MPT SPI Host driver 3.04.20
[   10.628372] AVX2 version of gcm_enc/dec engaged.
[   10.715659] AES CTR mode by8 optimization enabled
[   10.879338] input: ImExPS/2 Generic Explorer Mouse as /devices/platform/i8042/serio1/input/input4
[   11.208827] e1000 0000:00:03.0 eth0: (PCI:33MHz:32-bit) 02:06:00:4b:33:e4
[   11.218176] e1000 0000:00:03.0 eth0: Intel(R) PRO/1000 Network Connection
[   12.115365] e1000 0000:00:08.0 eth1: (PCI:33MHz:32-bit) 08:00:27:37:8c:15
[   12.264198] e1000 0000:00:08.0 eth1: Intel(R) PRO/1000 Network Connection
[   12.322591] mptbase: ioc0: Initiating bringup
[   12.323370] e1000 0000:00:03.0 enp0s3: renamed from eth0
[   12.346192] e1000 0000:00:08.0 enp0s8: renamed from eth1
[   12.437126] ioc0: LSI53C1030 A0: Capabilities={Initiator}
[   12.806398] scsi host2: ioc0: LSI53C1030 A0, FwRev=00000000h, Ports=1, MaxQ=256, IRQ=20
[   13.102411] scsi 2:0:0:0: Direct-Access     VBOX     HARDDISK         1.0  PQ: 0 ANSI: 5
[   13.447341] scsi target2:0:0: Beginning Domain Validation
[   13.450996] scsi target2:0:0: Domain Validation skipping write tests
[   13.453173] scsi target2:0:0: Ending Domain Validation
[   13.455054] scsi target2:0:0: asynchronous
[   13.456981] scsi 2:0:1:0: Direct-Access     VBOX     HARDDISK         1.0  PQ: 0 ANSI: 5
[   14.133810] scsi target2:0:1: Beginning Domain Validation
[   14.230100] random: fast init done
[   14.234059] scsi target2:0:1: Domain Validation skipping write tests
[   14.303403] scsi target2:0:1: Ending Domain Validation
[   14.376978] scsi target2:0:1: asynchronous
[   14.852862] random: systemd-udevd: uninitialized urandom read (16 bytes read)
[   14.853145] sd 2:0:0:0: [sda] 20971520 512-byte logical blocks: (10.7 GB/10.0 GiB)
[   14.853227] sd 2:0:0:0: [sda] Write Protect is off
[   14.853447] sd 2:0:0:0: [sda] Incomplete mode parameter data
[   14.853449] sd 2:0:0:0: [sda] Assuming drive cache: write through
[   14.944161] sd 2:0:0:0: Attached scsi generic sg0 type 0
[   14.944477] sd 2:0:1:0: Attached scsi generic sg1 type 0
[   14.944909] sd 2:0:1:0: [sdb] 20480 512-byte logical blocks: (10.5 MB/10.0 MiB)
[   14.945018] sd 2:0:1:0: [sdb] Write Protect is off
[   14.945357] sd 2:0:1:0: [sdb] Incomplete mode parameter data
[   14.945359] sd 2:0:1:0: [sdb] Assuming drive cache: write through
[   14.951402]  sda: sda1
[   14.952623] sd 2:0:0:0: [sda] Attached SCSI disk
[   14.952811] sd 2:0:1:0: [sdb] Attached SCSI disk
[   15.438784] random: systemd-udevd: uninitialized urandom read (16 bytes read)
[   15.441308] random: systemd-udevd: uninitialized urandom read (16 bytes read)
Begin: Loading essential drivers ... [   16.912229] raid6: sse2x1   gen()  9354 MB/s
[   17.016371] raid6: sse2x1   xor()  6742 MB/s
[   17.148564] raid6: sse2x2   gen() 13832 MB/s
[   17.304312] raid6: sse2x2   xor()  9017 MB/s
[   17.436250] raid6: sse2x4   gen() 15288 MB/s
[   17.568189] raid6: sse2x4   xor()  9618 MB/s
[   17.716258] raid6: avx2x1   gen() 22397 MB/s
[   17.860258] raid6: avx2x1   xor() 15174 MB/s
[   17.940170] raid6: avx2x2   gen() 25540 MB/s
[   17.988176] raid6: avx2x2   xor() 16697 MB/s
[   18.124481] raid6: avx2x4   gen() 31380 MB/s
[   18.264257] raid6: avx2x4   xor() 18727 MB/s
[   18.340563] raid6: using algorithm avx2x4 gen() 31380 MB/s
[   18.468656] raid6: .... xor() 18727 MB/s, rmw enabled
[   18.568532] raid6: using avx2x2 recovery algorithm
[   18.631243] xor: automatically using best checksumming function   avx       
[   18.719055] async_tx: api initialized (async)
done.
Begin: Running /scripts/init-pre[   18.814704] Btrfs loaded, crc32c=crc32c-intel
mount ... done.
Begin: Mounting root file system ... Begin: Running /scripts/local-top ... done.
Begin: Running /scripts/local-premount ... Scanning for Btrfs filesystems
done.
Warning: fsck no[   18.876732] EXT4-fs (sda1): mounted filesystem with ordered data mode. Opts: (null)
t present, so skipping root file system
done.
Begin: Running /scripts/local-bottom ... done.
Begin: Running /scripts/init-bottom ... done.
[   19.185649] ip_tables: (C) 2000-2006 Netfilter Core Team
[   19.196239] systemd[1]: systemd 237 running in system mode. (+PAM +AUDIT +SELINUX +IMA +APPARMOR +SMACK +SYSVINIT +UTMP +LIBCRYPTSETUP +GCRYPT +GNUTLS +ACL +XZ +LZ4 +SECCOMP +BLKID +ELFUTILS +KMOD -IDN2 +IDN -PCRE2 default-hierarchy=hybrid)
[   19.246578] systemd[1]: Detected virtualization oracle.
[   19.355350] systemd[1]: Detected architecture x86-64.

Welcome to [1mUbuntu 18.04.2 LTS[0m!

[   19.517534] systemd[1]: Set hostname to <ubuntu>.
[   19.621058] systemd[1]: Initializing machine ID from random generator.
[   19.784470] systemd[1]: Installed transient /etc/machine-id file.
[   20.231045] systemd[1]: Created slice System Slice.
[[0;32m  OK  [0m] Created slice System Slice.
[   20.380385] systemd[1]: Reached target Swap.
[[0;32m  OK  [0m] Reached target Swap.
[   20.431110] systemd[1]: Reached target User and Group Name Lookups.
[[0;32m  OK  [0m] Reached target User and Group Name Lookups.
[   20.445461] systemd[1]: Created slice User and Session Slice.
[[0;32m  OK  [0m] Created slice User and Session Slice.
[[0;32m  OK  [0m] Listening on LVM2 poll daemon socket.
[[0;32m  OK  [0m] Listening on /dev/initctl Compatibility Named Pipe.
[[0;32m  OK  [0m] Set up automount Arbitrary Executab…rmats File System Automount Point.
[[0;32m  OK  [0m] Listening on Journal Audit Socket.
[[0;32m  OK  [0m] Started Forward Password Requests to Wall Directory Watch.
[[0;32m  OK  [0m] Listening on udev Control Socket.
[[0;32m  OK  [0m] Listening on LVM2 metadata daemon socket.
[[0;32m  OK  [0m] Listening on udev Kernel Socket.
[[0;32m  OK  [0m] Listening on Journal Socket.
         Mounting Kernel Debug File System...
         Starting Remount Root and Kernel File Systems...
         Starting Set the console keyboard layout...
         Starting Uncomplicated firewall...
         Mounting Huge Pages File System...
         Mounting POSIX Message Queue File Syste[   20.542376] EXT4-fs (sda1): re-mounted. Opts: (null)
m...
         Starting udev Coldplug all Devices...
[[0;32m  OK  [0m] Reached target System Time Synchronized.
[[0;32m  OK  [0m] Created slice system-serial\x2dgetty.slice.
[[0;32m  OK  [0m] Listening on Device-mapper event daemon FIFOs.
         Starting Monitoring of LVM2 mirrors…ng dmeventd or progress polling...
[[0;32m  OK  [0m] Reached target Slices.
         Starting Create list of required st…ce nodes for the current kernel...
[[0;32m  OK  [0m] Listening on Journal Socket (/dev/log).
[[0;32m  OK  [0m] Listening on Network Service Netlink Socket.
[[0;32m  OK  [0m] Listening on Syslog Socket.
         Starting Journal Service...
         Starting Load Kernel Modules...
[[0;32m  OK  [0m] Mounted Kernel Debug File System.
[[0;32m  OK  [0m] Started Remount Root and Kernel File Systems.[   20.842473] Loading iSCSI transport class v2.0-870.

[   20.993149] random: crng init done
[   21.458389] random: 7 urandom warning(s) missed due to ratelimiting
[[0;32m  OK  [0m] Started Uncomplicated firewall.
[   21.625882] iscsi: registered transport (tcp)
[[0;32m  OK  [0m] Started Journal Service.
[   21.689302] iscsi: registered transport (iser)
[[0;32m  OK  [0m] Mounted Huge Pages File System.
[[0;32m  OK  [0m] Mounted POSIX Message Queue File System.
[[0;32m  OK  [0m] Started Create list of required sta…vice nodes for the current kernel.
[[0;32m  OK  [0m] Started Load Kernel Modules.
[[0;32m  OK  [0m] Started udev Coldplug all Devices.
[[0;32m  OK  [0m] Started LVM2 metadata daemon.
         Starting Apply Kernel Variables...
         Mounting FUSE Control File System...
         Mounting Kernel Configuration File System...
         Starting Create Static Device Nodes in /dev...
         Starting Initial cloud-init job (pre-networking)...
         Starting Flush Journal to Persistent Storage...
         Starting Load/Save Random Seed...
[[0;32m  OK  [0m] Started Set the console keyboard layout.
[[0;32m  OK  [0m] Started Monitoring of LVM2 mirrors,…sing dmeventd or progress polling.
[[0;32m  OK  [0m] Started Apply Kernel Variables.
[[0;32m  OK  [0m] Mounted FUSE Control File System.
[[0;32m  OK  [0m] Mounted Kernel Configuration File System.
[[0;32m  OK  [0m] Started Create Static Device Nodes in /dev.
[[0;32m  OK  [0m] Started Load/Save Random Seed.
         Starting udev Kernel Device Manager...
[[0;32m  OK  [0m] Reached target Local File Systems (Pre).
[[0;32m  OK  [0m] Reached target Local File Systems.
         Starting Commit a transient machine-id on disk...
         Starting AppArmor initialization...
         Starting Tell Plymouth To Write Out Runtime Data...
         Starting Set console font and keymap...
         Starting ebtables ruleset management...
[[0;32m  OK  [0m] Started udev Kernel Device Manager.
[[0;32m  OK  [0m] Started Dispatch Password Requests to Console Directory Watch.
[[0;32m  OK  [0m] Reached target Local Encrypted Volumes.
[[0;32m  OK  [0m] Started Tell Plymouth To Write Out Runtime Data.
[[0;32m  OK  [0m] Started Set console font and keymap.
[[0;32m  OK  [0m] Started Flush Journal to Persistent Storage.
[[0;32m  OK  [0m] Started Commit a transient machine-id on disk.
[[0;32m  OK  [0m] Found device /dev/ttyS0.
[[0;32m  OK  [0m] Listening on Load/Save RF Kill Switch Status /dev/rfkill Watch.
         Starting Create Volatile Files and Directories...
[[0;32m  OK  [0m] Started ebtables ruleset management.
[[0;32m  OK  [0m] Started Create Volatile Files and Directories.
         Starting Update UTMP about System Boot/Shutdown...
[[0;32m  OK  [0m] Started Update UTMP about System Boot/Shutdown.
[[0;32m  OK  [0m] Started AppArmor initialization.
[   23.921213] cloud-init[442]: Cloud-init v. 18.5-45-g3554ffe8-0ubuntu1~18.04.1 running 'init-local' at Mon, 15 Apr 2019 20:38:07 +0000. Up 23.58 seconds.
[[0;32m  OK  [0m] Started Initial cloud-init job (pre-networking).
[[0;32m  OK  [0m] Reached target Network (Pre).
         Starting Network Service...
[[0;32m  OK  [0m] Started Network Service.
         Starting Network Name Resolution...
         Starting Wait for Network to be Configured...
[[0;32m  OK  [0m] Started Network Name Resolution.
[[0;32m  OK  [0m] Reached target Network.
[[0;32m  OK  [0m] Reached target Host and Network Name Lookups.
[[0;32m  OK  [0m] Started Wait for Network to be Configured.
         Starting Initial cloud-init job (metadata service crawler)...
[   25.678892] cloud-init[681]: Cloud-init v. 18.5-45-g3554ffe8-0ubuntu1~18.04.1 running 'init' at Mon, 15 Apr 2019 20:38:09 +0000. Up 25.52 seconds.
[   25.688797] cloud-init[681]: ci-info: +++++++++++++++++++++++++++++++++++++Net device info+++++++++++++++++++++++++++++++++++++
[   25.694005] cloud-init[681]: ci-info: +--------+-------+-------------------------+---------------+--------+-------------------+
[   25.698658] cloud-init[681]: ci-info: | Device |   Up  |         Address         |      Mask     | Scope  |     Hw-Address    |
[   25.703373] cloud-init[681]: ci-info: +--------+-------+-------------------------+---------------+--------+-------------------+
[   25.709840] cloud-init[681]: ci-info: | enp0s3 |  True |        10.0.2.15        | 255.255.255.0 | global | 02:06:00:4b:33:e4 |
[   25.715337] cloud-init[681]: ci-info: | enp0s3 |  True | fe80::6:ff:fe4b:33e4/64 |       .       |  link  | 02:06:00:4b:33:e4 |
[   25.727066] cloud-init[681]: ci-info: | enp0s8 | False |            .            |       .       |   .    | 08:00:27:37:8c:15 |
[   25.731646] cloud-init[681]: ci-info: |   lo   |  True |        127.0.0.1        |   255.0.0.0   |  host  |         .         |
[   25.748277] cloud-init[681]: ci-info: |   lo   |  True |         ::1/128         |       .       |  host  |         .         |
[   25.790122] cloud-init[681]: ci-info: +--------+-------+-------------------------+---------------+--------+-------------------+
[   25.793704] cloud-init[681]: ci-info: ++++++++++++++++++++++++++++Route IPv4 info+++++++++++++++++++++++++++++
[   25.836457] cloud-init[681]: ci-info: +-------+-------------+----------+-----------------+-----------+-------+
[   25.848840] cloud-init[681]: ci-info: | Route | Destination | Gateway  |     Genmask     | Interface | Flags |
[   25.897433] cloud-init[681]: ci-info: +-------+-------------+----------+-----------------+-----------+-------+
[   25.902067] cloud-init[681]: ci-info: |   0   |   0.0.0.0   | 10.0.2.2 |     0.0.0.0     |   enp0s3  |   UG  |
[   25.905836] cloud-init[681]: ci-info: |   1   |   10.0.2.0  | 0.0.0.0  |  255.255.255.0  |   enp0s3  |   U   |
[   25.909717] cloud-init[681]: ci-info: |   2   |   10.0.2.2  | 0.0.0.0  | 255.255.255.255 |   enp0s3  |   UH  |
[   25.913776] cloud-init[681]: ci-info: +-------+-------------+----------+-----------------+-----------+-------+
[   25.918824] cloud-init[681]: ci-info: +++++++++++++++++++Route IPv6 info+++++++++++++++++++
[   25.922379] cloud-init[681]: ci-info: +-------+-------------+---------+-----------+-------+
[   25.925844] cloud-init[681]: ci-info: | Route | Destination | Gateway | Interface | Flags |
[   25.929241] cloud-init[681]: ci-info: +-------+-------------+---------+-----------+-------+
[   25.934513] cloud-init[681]: ci-info: |   1   |  fe80::/64  |    ::   |   enp0s3  |   U   |
[   25.937695] cloud-init[681]: ci-info: |   3   |    local    |    ::   |   enp0s3  |   U   |
[   25.961935] cloud-init[681]: ci-info: |   4   |   ff00::/8  |    ::   |   enp0s3  |   U   |
[   26.007417] cloud-init[681]: ci-info: +-------+-------------+---------+-----------+-------+
[   26.328662] cloud-init[681]: Generating public/private rsa key pair.
[[0;32m  OK  [0m] Started Initial cloud-init job (metadata service crawler).
[   26.388773] [cloud-init[0;32m  OK  [0m[681]: ] Your identification has been saved in /etc/ssh/ssh_host_rsa_key.Reached target Network is Online.

[   26.505528]          cloud-initStarting Availability of block devices...[681]: 
Your public key has been saved in /etc/ssh/ssh_host_rsa_key.pub.
[   26.593310] [cloud-init[0;32m  OK  [0m[681]: ] The key fingerprint is:Reached target Remote File Systems (Pre).

[[0;32m  OK  [0m] Reached target Remote File Systems.
[   26.653679] cloud-init[681]: SHA256:65eS8axBYkoX7VbjhGi32mP8Wzhbv2R7dzvwunut2/w root@ubuntu-bionic
[[0;32m  OK  [0m] Reached target System Initialization.
[   26.737783] [cloud-init[0;32m  OK  [0m[681]: ] Listening on Open-iSCSI iscsid Socket.The key's randomart image is:

[[0;32m  OK  [0m] Listening on ACPID Listen Socket.
[   26.790613] [[0;32m  OK  [0m] Listening on D-Bus System Message Bus Socket.
[[0;32m  OK  [0m] Started Daily apt download activities.
[[0;32m  OK  [0m] Started Daily apt upgrade and clean activities.
cloud-init[681]: +---[RSA 2048]----+
[[0;32m  OK  [0m] Started ACPI Events Check.
[   26.799532] cloud-init         Starting LXD - unix socket.
[[0;32m  OK  [0m] Started Message of the Day.
[681]: [|                 |[0;32m  OK  [0m
] Reached target Paths.
         Starting Socket activation for snappy daemon.
[[0;32m  OK  [0m] Listening on UUID daemon activation socket.
[[0;32m  OK  [0m] Started Daily Cleanup of Temporary Directories.
[[0;32m  OK  [0m] Started Discard unused blocks once a week.
[[0;32m  OK  [0m] Reached target Timers.
[[0;32m  OK  [0m] Reached target Cloud-config availability.
[[0;32m  OK  [0m] Started Availability of block devices.
[[0;32m  OK  [0m] Listening on LXD - unix socket.
[[0;32m  OK  [0m] Listening on Socket activation for snappy daemon.
[[0;32m  OK  [0m] Reached target Sockets.
[[0;32m  OK  [0m] Reached target Basic System.
[   26.810702] cloud-init[681]: |       o .       |
[[0;32m  OK  [0m] Started Regular background program processing daemon.
[   26.835752] cloud-init[681]: |      + + +      |
[   26.841534] cloud-init[681]: |     . + = .     |
[   26.844315] cloud-init[681]: |    . + S .      |
[[0;32m  OK  [0m] Started irqbalance daemon.
[   26.850550] cloud-init[[0;32m  OK  [0m] Started Deferred execution scheduler.
[681]: |   . + B.. . .   |
         Starting Login Service...
[   26.880537] cloud-init[681]: |    . . B=o.o = .|
         Starting Accounts Service...
[   26.945727] cloud-init[681]: |       oo+== + B=|
         Starting Dispatcher daemon for systemd-networkd...
[   26.994379] cloud-init[681]: |        o++. +@*E|
         Starting Virtualbox guest utils...
         Starting System Logging Service...
         Starting Permit User Sessions...
[   27.049820]          Starting LSB: Record successful boot for GRUB...
[[0;32m  OK  [0m] Started D-Bus System Message Bus.
cloud-init[681]: +----[SHA256]-----+
[   27.096197] cloud-init[681]: Generating public/private dsa key pair.
[   27.118882] [[0;32m  OK  [0m] Started Login Service.
[[0;32m  OK  [0m] Started FUSE filesystem for LXC.
[[0;32m  OK  [0m] Started Unattended Upgrades Shutdown.
cloud-init[681]: Your identification has been saved in /etc/ssh/ssh_host_dsa_key.
         Starting Snappy daemon...
[   27.181561] cloud-init         Starting LSB: automatic crash report generation...
[681]: Your public key has been saved in /etc/ssh/ssh_host_dsa_key.pub.
         Starting Pollinate to seed the pseudo random number generator...
[   27.248836] cloud-init[681]: The key fingerprint is:
         Starting LXD - container startup/shutdown...
[   27.269168] cloud-init[681]: SHA256:FRgaEZunH0IwHWoLsVo8mfJ0SSYgi4B4CN5utzNZDfA root@ubuntu-bionic
[[0;32m  OK  [0m] Started System Logging Service.
[   27.304757] [cloud-init[0;32m  OK  [0m[681]: ] The key's randomart image is:Started Dispatcher daemon for systemd-networkd.

[[0;32m  OK  [0m] Started Permit User Sessions.
[   27.356536] cloud-init[681]: +---[DSA 1024]----+
[   27.358665] cloud-init[681]: |Ooo =o=+.o.      |
[   27.361575] cloud-init[681]: |OooO =+=.  .     |
[   27.367008] cloud-init[681]: |+oX.= =E. .      |
[   27.372660] cloud-init[681]: | *.= o oo.       |
[   27.378242] cloud-init[681]: |. .o..o.S.       |
         Starting Authorization Manager...
         Starting Terminate Plymouth Boot Screen...
         Starting Hold until boot process finishes up...
[[0;32m  OK  [0m] Started Virtualbox guest utils.[   27.420975] 
[[0;32m  OK  [0m] Started LSB: Record successful boot for GRUB.
[[0;32m  OK  [0m] Started LSB: automatic crash report generation.
[[0;32m  OK  [0m] Started Terminate Plymouth Boot Screen.
[[0;32m  OK  [0m] Started Hold until boot process finishes up.
[[0;32m  OK  [0m] Started Authorization Manager.
[[0;32m  OK  [0m] Started Accounts Service.
[[0;32m  OK  [0m] Started Serial Getty on ttyS0.
         Starting Set console scheme...
cloud-init[681]: |  . . +o .       |
[[0;32m  OK  [0m] Started Set console scheme.
[   27.569917] cloud-init[[0;32m  OK  [0m] Created slice system-getty.slice.
[[0;32m  OK  [0m] Started Getty on tty1.
[681]: |     =  .        |
[[0;32m  OK  [0m] Reached target Login Prompts.
[   27.577274] cloud-init[681]: |      o          |
[   27.624469] cloud-init[681]: |                 |
[   27.656592] cloud-init[681]: +----[SHA256]-----+
[   27.670708] cloud-init[681]: Generating public/private ecdsa key pair.
[[0;32m  OK  [0m] Started LXD - container startup/shutdown.
[   27.677371] cloud-init[681]: Your identification has been saved in /etc/ssh/ssh_host_ecdsa_key.
[   27.680929] cloud-init[681]: Your public key has been saved in /etc/ssh/ssh_host_ecdsa_key.pub.
[   27.685590] cloud-init[681]: The key fingerprint is:
[   27.688242] cloud-init[681]: SHA256:OEEveR82C4PB+AkfWK9FTBFJ/0SOPusaJA7DhGNs1cw root@ubuntu-bionic
[   27.693629] cloud-init[681]: The key's randomart image is:
[   27.708536] cloud-init[681]: +---[ECDSA 256]---+
[   27.744230] cloud-init[681]: |    .O++*+  .    |
[   27.764600] cloud-init[681]: | . o+.EBo. +     |
[   27.800289] cloud-init[681]: |  * .+=oB * o    |
[[0;32m  OK  [0m] Started Snappy daemon.
[   27.834076] cloud-init[681]: | o +  +B * *     |
         Starting Wait until snapd is fully seeded...
[   27.902915] cloud-init[681]: |    + = S = .    |
[   27.923464] cloud-init[681]: |     + +   o     |
[   27.925052] cloud-init[681]: |      . . .      |
[   27.926534] cloud-init[681]: |         o       |
[   27.928252] cloud-init[681]: |        ...      |
[   27.929884] cloud-init[681]: +----[SHA256]-----+
[   27.931322] cloud-init[681]: Generating public/private ed25519 key pair.
[   27.933891] cloud-init[681]: Your identification has been saved in /etc/ssh/ssh_host_ed25519_key.
[   27.936863] cloud-init[681]: Your public key has been saved in /etc/ssh/ssh_host_ed25519_key.pub.
[   27.939584] cloud-init[681]: The key fingerprint is:
[   27.941408] cloud-init[681]: SHA256:HiIJKUypo7ZR5PEIgPMjhmkp9BN3IHMAwe9h4SYJx44 root@ubuntu-bionic
[   27.944644] cloud-init[681]: The key's randomart image is:
[   27.968373] cloud-init[681]: +--[ED25519 256]--+
[   27.969844] cloud-init[681]: |==++.o.          |
[   27.971879] cloud-init[681]: |*=o*+. .         |
[   27.973312] cloud-init[681]: |*O% B .          |
[   27.974538] cloud-init[681]: |EB+& o           |
[   27.975875] cloud-init[681]: |=o*.= . S        |
[   27.977166] cloud-init[681]: |.o . . o .       |
[   27.978513] cloud-init[681]: |. o     .        |
[   27.979757] cloud-init[681]: | .               |
[   27.981646] cloud-init[681]: |                 |
[   27.982934] cloud-init[681]: +----[SHA256]-----+
[[0;32m  OK  [0m] Started Pollinate to seed the pseudo random number generator.
         Starting OpenBSD Secure Shell server...
[[0;32m  OK  [0m] Started OpenBSD Secure Shell server.
[[0;32m  OK  [0m] Started Wait until snapd is fully seeded.
         Starting Apply the settings specified in cloud-config...
[[0;32m  OK  [0m] Reached target Multi-User System.
[[0;32m  OK  [0m] Reached target Graphical Interface.
         Starting Update UTMP about System Runlevel Changes...
[[0;32m  OK  [0m] Started Update UTMP about System Runlevel Changes.
[[0;32m  OK  [0m] Created slice User Slice of vagrant.
         Starting User Manager for UID 1000...
[[0;32m  OK  [0m] Started Session 1 of user vagrant.
[[0;32m  OK  [0m] Started User Manager for UID 1000.
[   31.309839] cloud-init[1243]: Cloud-init v. 18.5-45-g3554ffe8-0ubuntu1~18.04.1 running 'modules:config' at Mon, 15 Apr 2019 20:38:14 +0000. Up 30.83 seconds.
[[0;32m  OK  [0m] Started Apply the settings specified in cloud-config.
         Starting Execute cloud user/final scripts...
ci-info: no authorized ssh keys fingerprints found for user ubuntu.
<14>Apr 15 20:38:15 ec2: 
<14>Apr 15 20:38:15 ec2: #############################################################
<14>Apr 15 20:38:15 ec2: -----BEGIN SSH HOST KEY FINGERPRINTS-----
<14>Apr 15 20:38:15 ec2: 1024 SHA256:FRgaEZunH0IwHWoLsVo8mfJ0SSYgi4B4CN5utzNZDfA root@ubuntu-bionic (DSA)
<14>Apr 15 20:38:15 ec2: 256 SHA256:OEEveR82C4PB+AkfWK9FTBFJ/0SOPusaJA7DhGNs1cw root@ubuntu-bionic (ECDSA)
<14>Apr 15 20:38:15 ec2: 256 SHA256:HiIJKUypo7ZR5PEIgPMjhmkp9BN3IHMAwe9h4SYJx44 root@ubuntu-bionic (ED25519)
<14>Apr 15 20:38:15 ec2: 2048 SHA256:65eS8axBYkoX7VbjhGi32mP8Wzhbv2R7dzvwunut2/w root@ubuntu-bionic (RSA)
<14>Apr 15 20:38:15 ec2: -----END SSH HOST KEY FINGERPRINTS-----
<14>Apr 15 20:38:15 ec2: #############################################################
-----BEGIN SSH HOST KEY KEYS-----
ecdsa-sha2-nistp256 AAAAE2VjZHNhLXNoYTItbmlzdHAyNTYAAAAIbmlzdHAyNTYAAABBBEsmAZtf/J1/QTxQUjuj4ZBsuIlx3Ip+UFiyD5F60itd6mz8UUCyzL4Cjc2pL7OeIzasScCXys9WS+Jdq05Odc4= root@ubuntu-bionic
ssh-ed25519 AAAAC3NzaC1lZDI1NTE5AAAAIHgZyvkElb/gNNC+Lb2ld/Z09sH262kxs+3NvTDmkGb6 root@ubuntu-bionic
ssh-rsa AAAAB3NzaC1yc2EAAAADAQABAAABAQCfVxm1qsJQbNUo9IW84mPYV6neCswP6F9l51Vsfr8iBfpsRF7njj63cxDhgjT1R5nnbGCx3WtjZrSBMUSgmQTsRS1/zr0sVP5S6AcNHnTEZCUkUZ0lZNKhIESeu0kR69hiUxUNe4HBOFKl0O9NU7eLNNwdn3yrcRENcIgZ33GoUxSW6MEZytrBNtfnEnDBYvGU9+RaGpccUw1Cebz40EYkmSTk+quf6OtmUsYJ3HZ9Yk3CyNbdZggTWFcwimVkEw1RSupfG4qKau9Uk3m3xcUZ07NY81PJYvcZC3M/FUPoPVX4PYimGtuESNdTG7pA+EXHSWqyxMzPUKIwdpnqnggv root@ubuntu-bionic
-----END SSH HOST KEY KEYS-----
[   32.259523] cloud-init[1356]: Cloud-init v. 18.5-45-g3554ffe8-0ubuntu1~18.04.1 running 'modules:final' at Mon, 15 Apr 2019 20:38:15 +0000. Up 31.74 seconds.
[   32.288895] cloud-init[1356]: ci-info: no authorized ssh keys fingerprints found for user ubuntu.
[[0;32m  OK  [0m] Started Execute cloud user/final scripts.
[   32.352939] cloud-init[[0;32m  OK  [0[1356]: Cloud-init v. 18.5-45-g3554ffe8-0ubuntu1~18.04.1 finished at Mon, 15 Apr 2019 20:38:16 +0000. Datasource DataSourceNoCloud [seed=/dev/sdb][dsmode=net].  Up 32.25 seconds

Ubuntu 18.04.2 LTS ubuntu-bionic ttyS0

ubuntu-bionic login: 